<?xml version="1.0" encoding="UTF-8"?>
<!-- Generated by org.testng.reporters.JUnitReportReporter -->
<testsuite skipped="0" hostname="arupemuk" name="mavenProject.GoogleTest" tests="1" failures="0" timestamp="07 Mar 2019 10:00:18 GMT" time="0.018" errors="0">
  <testcase name="LaunchTest" time="0.018" classname="mavenProject.GoogleTest"/>
</testsuite> <!-- mavenProject.GoogleTest -->
